Using pre-set license
Built from '2020.3/staging' branch; Version is '2020.3.4f1 (0abb6314276a) revision 703331'; Using compiler version '192528614'; Build Type 'Release'
OS: 'Windows 10 Home; OS build 19042.1348; Version 2009; 64bit' Language: 'ru' Physical Memory: 7908 MB
BatchMode: 1, IsHumanControllingUs: 0, StartBugReporterOnCrash: 0, Is64bit: 1, IsPro: 0

 COMMAND LINE ARGUMENTS:
C:\Yan\Unity\2020.3.4f1\Editor\Unity.exe
-adb2
-batchMode
-noUpm
-name
AssetImportWorker0
-projectPath
C:/Yan/Unity/Projects/Yan_Cherapansky_Snake_vs_Blocks
-logFile
Logs/AssetImportWorker0.log
-srvPort
52149
Successfully changed project path to: C:/Yan/Unity/Projects/Yan_Cherapansky_Snake_vs_Blocks
C:/Yan/Unity/Projects/Yan_Cherapansky_Snake_vs_Blocks
Using Asset Import Pipeline V2.
Refreshing native plugins compatible for Editor in 27.33 ms, found 0 plugins.
Preloading 0 native plugins for Editor in 0.00 ms.
Initialize engine version: 2020.3.4f1 (0abb6314276a)
[Subsystems] Discovering subsystems at path C:/Yan/Unity/2020.3.4f1/Editor/Data/Resources/UnitySubsystems
[Subsystems] Discovering subsystems at path C:/Yan/Unity/Projects/Yan_Cherapansky_Snake_vs_Blocks/Assets
GfxDevice: creating device client; threaded=0
Direct3D:
    Version:  Direct3D 11.0 [level 11.1]
    Renderer: NVIDIA GeForce MX230 (ID=0x1d11)
    Vendor:   
    VRAM:     1984 MB
    Driver:   30.0.14.7168
Initialize mono
Mono path[0] = 'C:/Yan/Unity/2020.3.4f1/Editor/Data/Managed'
Mono path[1] = 'C:/Yan/Unity/2020.3.4f1/Editor/Data/MonoBleedingEdge/lib/mono/unityjit'
Mono config path = 'C:/Yan/Unity/2020.3.4f1/Editor/Data/MonoBleedingEdge/etc'
Using monoOptions --debugger-agent=transport=dt_socket,embedding=1,server=y,suspend=n,address=127.0.0.1:56128
Begin MonoManager ReloadAssembly
Registering precompiled unity dll's ...
Register platform support module: C:/Yan/Unity/2020.3.4f1/Editor/Data/PlaybackEngines/WindowsStandaloneSupport/UnityEditor.WindowsStandalone.Extensions.dll
Registered in 0.001646 seconds.
Native extension for WindowsStandalone target not found
Refreshing native plugins compatible for Editor in 36.81 ms, found 0 plugins.
Preloading 0 native plugins for Editor in 0.00 ms.
Mono: successfully reloaded assembly
- Completed reload, in  1.604 seconds
Platform modules already initialized, skipping
Registering precompiled user dll's ...
Registered in 0.000616 seconds.
Begin MonoManager ReloadAssembly
Native extension for WindowsStandalone target not found
Refreshing native plugins compatible for Editor in 31.58 ms, found 0 plugins.
Preloading 0 native plugins for Editor in 0.00 ms.
Mono: successfully reloaded assembly
- Completed reload, in  0.967 seconds
Platform modules already initialized, skipping
========================================================================
Worker process is ready to serve import requests
Launched and connected shader compiler UnityShaderCompiler.exe after 0.04 seconds
Refreshing native plugins compatible for Editor in 0.25 ms, found 0 plugins.
Preloading 0 native plugins for Editor in 0.00 ms.
Unloading 1412 Unused Serialized files (Serialized files now loaded: 0)
System memory in use before: 67.5 MB.
System memory in use after: 67.5 MB.

Unloading 12 unused Assets to reduce memory usage. Loaded Objects now: 1858.
Total: 2.143400 ms (FindLiveObjects: 0.541100 ms CreateObjectMapping: 0.107800 ms MarkObjects: 1.426500 ms  DeleteObjects: 0.065800 ms)

========================================================================
Received Import Request.
  path: Assets/PlayerInput.inputactions
  artifactKey: Guid(1012be9d3373b084383dfa6b4dd21152) Importer(815301076,1909f56bfc062723c751e8b465ee728b)
Start importing Assets/PlayerInput.inputactions using Guid(1012be9d3373b084383dfa6b4dd21152) Importer(815301076,1909f56bfc062723c751e8b465ee728b)  -> (artifact id: 'a4e2c010c36b560251d5c0f0e6d878de') in 0.033592 seconds
  Import took 0.035868 seconds .

========================================================================
Received Import Request.
  Time since last request: 68.035131 seconds.
  path: Assets/PlayerInput.inputactions
  artifactKey: Guid(1012be9d3373b084383dfa6b4dd21152) Importer(815301076,1909f56bfc062723c751e8b465ee728b)
Start importing Assets/PlayerInput.inputactions using Guid(1012be9d3373b084383dfa6b4dd21152) Importer(815301076,1909f56bfc062723c751e8b465ee728b)  -> (artifact id: '989c6192353d74fce71014a1e2f0bcdb') in 0.007130 seconds
  Import took 0.010797 seconds .

========================================================================
Received Import Request.
  Time since last request: 0.001065 seconds.
  path: Assets/PlayerInput.inputactions
  artifactKey: Guid(1012be9d3373b084383dfa6b4dd21152) Importer(815301076,1909f56bfc062723c751e8b465ee728b)
Start importing Assets/PlayerInput.inputactions using Guid(1012be9d3373b084383dfa6b4dd21152) Importer(815301076,1909f56bfc062723c751e8b465ee728b)  -> (artifact id: '989c6192353d74fce71014a1e2f0bcdb') in 0.005948 seconds
  Import took 0.009783 seconds .

========================================================================
Received Import Request.
  Time since last request: 56.089821 seconds.
  path: Assets/PlayerController.cs
  artifactKey: Guid(2b101596defb5bb4d8f189449e24f856) Importer(815301076,1909f56bfc062723c751e8b465ee728b)
Start importing Assets/PlayerController.cs using Guid(2b101596defb5bb4d8f189449e24f856) Importer(815301076,1909f56bfc062723c751e8b465ee728b)  -> (artifact id: 'd195b35e63debf9cf423ce84c02a3d4d') in 0.009961 seconds
  Import took 0.015943 seconds .

========================================================================
Received Prepare
Registering precompiled user dll's ...
Registered in 0.000736 seconds.
Begin MonoManager ReloadAssembly
Native extension for WindowsStandalone target not found
Refreshing native plugins compatible for Editor in 0.31 ms, found 0 plugins.
Preloading 0 native plugins for Editor in 0.00 ms.
Mono: successfully reloaded assembly
- Completed reload, in  0.958 seconds
Platform modules already initialized, skipping
Refreshing native plugins compatible for Editor in 0.38 ms, found 0 plugins.
Preloading 0 native plugins for Editor in 0.00 ms.
Unloading 1408 Unused Serialized files (Serialized files now loaded: 0)
System memory in use before: 67.6 MB.
System memory in use after: 67.7 MB.

Unloading 5 unused Assets to reduce memory usage. Loaded Objects now: 1862.
Total: 1.934300 ms (FindLiveObjects: 0.221900 ms CreateObjectMapping: 0.047900 ms MarkObjects: 1.616500 ms  DeleteObjects: 0.047100 ms)

========================================================================
Received Prepare
Registering precompiled user dll's ...
Registered in 0.000826 seconds.
Begin MonoManager ReloadAssembly
Native extension for WindowsStandalone target not found
Refreshing native plugins compatible for Editor in 0.23 ms, found 0 plugins.
Preloading 0 native plugins for Editor in 0.00 ms.
Mono: successfully reloaded assembly
- Completed reload, in  0.860 seconds
Platform modules already initialized, skipping
Refreshing native plugins compatible for Editor in 0.23 ms, found 0 plugins.
Preloading 0 native plugins for Editor in 0.00 ms.
Unloading 1408 Unused Serialized files (Serialized files now loaded: 0)
System memory in use before: 67.6 MB.
System memory in use after: 67.7 MB.

Unloading 5 unused Assets to reduce memory usage. Loaded Objects now: 1865.
Total: 2.217000 ms (FindLiveObjects: 0.215600 ms CreateObjectMapping: 0.070100 ms MarkObjects: 1.881300 ms  DeleteObjects: 0.048600 ms)

========================================================================
Received Prepare
Registering precompiled user dll's ...
Registered in 0.000736 seconds.
Begin MonoManager ReloadAssembly
Native extension for WindowsStandalone target not found
Refreshing native plugins compatible for Editor in 0.40 ms, found 0 plugins.
Preloading 0 native plugins for Editor in 0.00 ms.
Mono: successfully reloaded assembly
- Completed reload, in  0.814 seconds
Platform modules already initialized, skipping
Refreshing native plugins compatible for Editor in 0.23 ms, found 0 plugins.
Preloading 0 native plugins for Editor in 0.00 ms.
Unloading 1408 Unused Serialized files (Serialized files now loaded: 0)
System memory in use before: 67.6 MB.
System memory in use after: 67.7 MB.

Unloading 5 unused Assets to reduce memory usage. Loaded Objects now: 1868.
Total: 2.458300 ms (FindLiveObjects: 0.443200 ms CreateObjectMapping: 0.106700 ms MarkObjects: 1.862700 ms  DeleteObjects: 0.043800 ms)

========================================================================
Received Import Request.
  Time since last request: 327.357502 seconds.
  path: Assets/PlayerInput.inputactions
  artifactKey: Guid(1012be9d3373b084383dfa6b4dd21152) Importer(815301076,1909f56bfc062723c751e8b465ee728b)
Start importing Assets/PlayerInput.inputactions using Guid(1012be9d3373b084383dfa6b4dd21152) Importer(815301076,1909f56bfc062723c751e8b465ee728b)  -> (artifact id: '1ad92c045f7020be110bd09c478096ae') in 0.021004 seconds
  Import took 0.025537 seconds .

========================================================================
Received Prepare
Registering precompiled user dll's ...
Registered in 0.000662 seconds.
Begin MonoManager ReloadAssembly
Native extension for WindowsStandalone target not found
Refreshing native plugins compatible for Editor in 0.26 ms, found 0 plugins.
Preloading 0 native plugins for Editor in 0.00 ms.
Mono: successfully reloaded assembly
- Completed reload, in  0.819 seconds
Platform modules already initialized, skipping
Refreshing native plugins compatible for Editor in 0.24 ms, found 0 plugins.
Preloading 0 native plugins for Editor in 0.00 ms.
Unloading 1408 Unused Serialized files (Serialized files now loaded: 0)
System memory in use before: 67.7 MB.
System memory in use after: 67.7 MB.

Unloading 5 unused Assets to reduce memory usage. Loaded Objects now: 1871.
Total: 2.253100 ms (FindLiveObjects: 0.228600 ms CreateObjectMapping: 0.071600 ms MarkObjects: 1.894000 ms  DeleteObjects: 0.057800 ms)

========================================================================
Received Prepare
Registering precompiled user dll's ...
Registered in 0.000640 seconds.
Begin MonoManager ReloadAssembly
Native extension for WindowsStandalone target not found
Refreshing native plugins compatible for Editor in 0.32 ms, found 0 plugins.
Preloading 0 native plugins for Editor in 0.00 ms.
Mono: successfully reloaded assembly
- Completed reload, in  0.845 seconds
Platform modules already initialized, skipping
Refreshing native plugins compatible for Editor in 0.23 ms, found 0 plugins.
Preloading 0 native plugins for Editor in 0.00 ms.
Unloading 1408 Unused Serialized files (Serialized files now loaded: 0)
System memory in use before: 67.7 MB.
System memory in use after: 67.8 MB.

Unloading 5 unused Assets to reduce memory usage. Loaded Objects now: 1874.
Total: 2.163800 ms (FindLiveObjects: 0.183800 ms CreateObjectMapping: 0.073200 ms MarkObjects: 1.846400 ms  DeleteObjects: 0.059400 ms)

========================================================================
Received Import Request.
  Time since last request: 2809.244952 seconds.
  path: Assets/NoFriction.physicMaterial
  artifactKey: Guid(b1dd6adff2913694badd7896749f63c3) Importer(815301076,1909f56bfc062723c751e8b465ee728b)
Start importing Assets/NoFriction.physicMaterial using Guid(b1dd6adff2913694badd7896749f63c3) Importer(815301076,1909f56bfc062723c751e8b465ee728b)  -> (artifact id: '252addde7b5571826cb28b9ed1db77ad') in 0.020666 seconds
  Import took 0.024012 seconds .

========================================================================
Received Prepare
Registering precompiled user dll's ...
Registered in 0.000702 seconds.
Begin MonoManager ReloadAssembly
Native extension for WindowsStandalone target not found
Refreshing native plugins compatible for Editor in 0.23 ms, found 0 plugins.
Preloading 0 native plugins for Editor in 0.00 ms.
Mono: successfully reloaded assembly
- Completed reload, in  0.830 seconds
Platform modules already initialized, skipping
Refreshing native plugins compatible for Editor in 0.24 ms, found 0 plugins.
Preloading 0 native plugins for Editor in 0.00 ms.
Unloading 1408 Unused Serialized files (Serialized files now loaded: 0)
System memory in use before: 67.7 MB.
System memory in use after: 67.8 MB.

Unloading 5 unused Assets to reduce memory usage. Loaded Objects now: 1877.
Total: 2.941000 ms (FindLiveObjects: 0.292600 ms CreateObjectMapping: 0.112300 ms MarkObjects: 2.455900 ms  DeleteObjects: 0.078600 ms)

========================================================================
Received Prepare
Registering precompiled user dll's ...
Registered in 0.000633 seconds.
Begin MonoManager ReloadAssembly
Native extension for WindowsStandalone target not found
Refreshing native plugins compatible for Editor in 0.34 ms, found 0 plugins.
Preloading 0 native plugins for Editor in 0.00 ms.
Mono: successfully reloaded assembly
- Completed reload, in  0.901 seconds
Platform modules already initialized, skipping
Refreshing native plugins compatible for Editor in 0.26 ms, found 0 plugins.
Preloading 0 native plugins for Editor in 0.00 ms.
Unloading 1408 Unused Serialized files (Serialized files now loaded: 0)
System memory in use before: 67.7 MB.
System memory in use after: 67.8 MB.

Unloading 5 unused Assets to reduce memory usage. Loaded Objects now: 1880.
Total: 1.961000 ms (FindLiveObjects: 0.234400 ms CreateObjectMapping: 0.088500 ms MarkObjects: 1.592800 ms  DeleteObjects: 0.044200 ms)

========================================================================
Received Prepare
Registering precompiled user dll's ...
Registered in 0.000647 seconds.
Begin MonoManager ReloadAssembly
Native extension for WindowsStandalone target not found
Refreshing native plugins compatible for Editor in 0.43 ms, found 0 plugins.
Preloading 0 native plugins for Editor in 0.00 ms.
Mono: successfully reloaded assembly
- Completed reload, in  0.926 seconds
Platform modules already initialized, skipping
Refreshing native plugins compatible for Editor in 0.30 ms, found 0 plugins.
Preloading 0 native plugins for Editor in 0.00 ms.
Unloading 1408 Unused Serialized files (Serialized files now loaded: 0)
System memory in use before: 67.7 MB.
System memory in use after: 67.8 MB.

Unloading 5 unused Assets to reduce memory usage. Loaded Objects now: 1883.
Total: 2.001000 ms (FindLiveObjects: 0.220400 ms CreateObjectMapping: 0.041400 ms MarkObjects: 1.691100 ms  DeleteObjects: 0.046900 ms)

========================================================================
Received Prepare
Registering precompiled user dll's ...
Registered in 0.001046 seconds.
Begin MonoManager ReloadAssembly
Native extension for WindowsStandalone target not found
Refreshing native plugins compatible for Editor in 0.26 ms, found 0 plugins.
Preloading 0 native plugins for Editor in 0.00 ms.
Mono: successfully reloaded assembly
- Completed reload, in  1.332 seconds
Platform modules already initialized, skipping
Refreshing native plugins compatible for Editor in 0.67 ms, found 0 plugins.
Preloading 0 native plugins for Editor in 0.00 ms.
Unloading 1408 Unused Serialized files (Serialized files now loaded: 0)
System memory in use before: 67.7 MB.
System memory in use after: 67.8 MB.

Unloading 5 unused Assets to reduce memory usage. Loaded Objects now: 1886.
Total: 3.771600 ms (FindLiveObjects: 0.338600 ms CreateObjectMapping: 0.100400 ms MarkObjects: 3.260500 ms  DeleteObjects: 0.070500 ms)

========================================================================
Received Prepare
Registering precompiled user dll's ...
Registered in 0.000595 seconds.
Begin MonoManager ReloadAssembly
Native extension for WindowsStandalone target not found
Refreshing native plugins compatible for Editor in 0.26 ms, found 0 plugins.
Preloading 0 native plugins for Editor in 0.00 ms.
Mono: successfully reloaded assembly
- Completed reload, in  1.003 seconds
Platform modules already initialized, skipping
Refreshing native plugins compatible for Editor in 0.28 ms, found 0 plugins.
Preloading 0 native plugins for Editor in 0.00 ms.
Unloading 1408 Unused Serialized files (Serialized files now loaded: 0)
System memory in use before: 67.7 MB.
System memory in use after: 67.8 MB.

Unloading 5 unused Assets to reduce memory usage. Loaded Objects now: 1889.
Total: 2.981700 ms (FindLiveObjects: 0.644800 ms CreateObjectMapping: 0.185500 ms MarkObjects: 2.089700 ms  DeleteObjects: 0.060100 ms)

========================================================================
Received Prepare
Registering precompiled user dll's ...
Registered in 0.000919 seconds.
Begin MonoManager ReloadAssembly
Native extension for WindowsStandalone target not found
Refreshing native plugins compatible for Editor in 0.23 ms, found 0 plugins.
Preloading 0 native plugins for Editor in 0.00 ms.
Mono: successfully reloaded assembly
- Completed reload, in  0.808 seconds
Platform modules already initialized, skipping
Refreshing native plugins compatible for Editor in 0.28 ms, found 0 plugins.
Preloading 0 native plugins for Editor in 0.00 ms.
Unloading 1408 Unused Serialized files (Serialized files now loaded: 0)
System memory in use before: 67.7 MB.
System memory in use after: 67.8 MB.

Unloading 5 unused Assets to reduce memory usage. Loaded Objects now: 1892.
Total: 1.992600 ms (FindLiveObjects: 0.183500 ms CreateObjectMapping: 0.062700 ms MarkObjects: 1.676200 ms  DeleteObjects: 0.069000 ms)

========================================================================
Received Prepare
Registering precompiled user dll's ...
Registered in 0.000728 seconds.
Begin MonoManager ReloadAssembly
Native extension for WindowsStandalone target not found
Refreshing native plugins compatible for Editor in 0.26 ms, found 0 plugins.
Preloading 0 native plugins for Editor in 0.00 ms.
Mono: successfully reloaded assembly
- Completed reload, in  1.052 seconds
Platform modules already initialized, skipping
Refreshing native plugins compatible for Editor in 0.42 ms, found 0 plugins.
Preloading 0 native plugins for Editor in 0.00 ms.
Unloading 1408 Unused Serialized files (Serialized files now loaded: 0)
System memory in use before: 67.7 MB.
System memory in use after: 67.8 MB.

Unloading 5 unused Assets to reduce memory usage. Loaded Objects now: 1895.
Total: 2.268500 ms (FindLiveObjects: 0.178200 ms CreateObjectMapping: 0.053500 ms MarkObjects: 1.979700 ms  DeleteObjects: 0.055500 ms)

========================================================================
Received Import Request.
  Time since last request: 1142.048295 seconds.
  path: Assets/PlayerInput.inputactions
  artifactKey: Guid(1012be9d3373b084383dfa6b4dd21152) Importer(815301076,1909f56bfc062723c751e8b465ee728b)
Start importing Assets/PlayerInput.inputactions using Guid(1012be9d3373b084383dfa6b4dd21152) Importer(815301076,1909f56bfc062723c751e8b465ee728b)  -> (artifact id: '20314794d624f43e9ed62e8ad987e8ee') in 0.032517 seconds
  Import took 0.036309 seconds .

========================================================================
Received Prepare
Registering precompiled user dll's ...
Registered in 0.000660 seconds.
Begin MonoManager ReloadAssembly
Native extension for WindowsStandalone target not found
Refreshing native plugins compatible for Editor in 0.25 ms, found 0 plugins.
Preloading 0 native plugins for Editor in 0.00 ms.
Mono: successfully reloaded assembly
- Completed reload, in  0.940 seconds
Platform modules already initialized, skipping
Refreshing native plugins compatible for Editor in 0.24 ms, found 0 plugins.
Preloading 0 native plugins for Editor in 0.00 ms.
Unloading 1408 Unused Serialized files (Serialized files now loaded: 0)
System memory in use before: 67.7 MB.
System memory in use after: 67.8 MB.

Unloading 5 unused Assets to reduce memory usage. Loaded Objects now: 1898.
Total: 4.157900 ms (FindLiveObjects: 0.804300 ms CreateObjectMapping: 0.391500 ms MarkObjects: 2.871000 ms  DeleteObjects: 0.084600 ms)

========================================================================
Received Import Request.
  Time since last request: 108.421182 seconds.
  path: Assets/PlayerInput.inputactions
  artifactKey: Guid(1012be9d3373b084383dfa6b4dd21152) Importer(815301076,1909f56bfc062723c751e8b465ee728b)
Start importing Assets/PlayerInput.inputactions using Guid(1012be9d3373b084383dfa6b4dd21152) Importer(815301076,1909f56bfc062723c751e8b465ee728b)  -> (artifact id: '5626e3bfb2e74964a9e0061301e3bc58') in 0.024094 seconds
  Import took 0.028603 seconds .

========================================================================
Received Import Request.
  Time since last request: 0.003172 seconds.
  path: Assets/PlayerInput.inputactions
  artifactKey: Guid(1012be9d3373b084383dfa6b4dd21152) Importer(815301076,1909f56bfc062723c751e8b465ee728b)
Start importing Assets/PlayerInput.inputactions using Guid(1012be9d3373b084383dfa6b4dd21152) Importer(815301076,1909f56bfc062723c751e8b465ee728b)  -> (artifact id: '5626e3bfb2e74964a9e0061301e3bc58') in 0.010337 seconds
  Import took 0.013761 seconds .

========================================================================
Received Prepare
Registering precompiled user dll's ...
Registered in 0.001295 seconds.
Begin MonoManager ReloadAssembly
Native extension for WindowsStandalone target not found
Refreshing native plugins compatible for Editor in 0.28 ms, found 0 plugins.
Preloading 0 native plugins for Editor in 0.00 ms.
Mono: successfully reloaded assembly
- Completed reload, in  0.859 seconds
Platform modules already initialized, skipping
Refreshing native plugins compatible for Editor in 0.45 ms, found 0 plugins.
Preloading 0 native plugins for Editor in 0.00 ms.
Unloading 1408 Unused Serialized files (Serialized files now loaded: 0)
System memory in use before: 67.8 MB.
System memory in use after: 67.8 MB.

Unloading 5 unused Assets to reduce memory usage. Loaded Objects now: 1901.
Total: 1.773100 ms (FindLiveObjects: 0.173000 ms CreateObjectMapping: 0.045700 ms MarkObjects: 1.505900 ms  DeleteObjects: 0.047100 ms)

========================================================================
Received Import Request.
  Time since last request: 361.362824 seconds.
  path: Assets/NoFriction.physicMaterial
  artifactKey: Guid(b1dd6adff2913694badd7896749f63c3) Importer(815301076,1909f56bfc062723c751e8b465ee728b)
Start importing Assets/NoFriction.physicMaterial using Guid(b1dd6adff2913694badd7896749f63c3) Importer(815301076,1909f56bfc062723c751e8b465ee728b)  -> (artifact id: 'a261ae0842c9915708149cf9ab7ce358') in 0.022934 seconds
  Import took 0.026439 seconds .

========================================================================
Received Prepare
Registering precompiled user dll's ...
Registered in 0.000640 seconds.
Begin MonoManager ReloadAssembly
Native extension for WindowsStandalone target not found
Refreshing native plugins compatible for Editor in 0.26 ms, found 0 plugins.
Preloading 0 native plugins for Editor in 0.00 ms.
Mono: successfully reloaded assembly
- Completed reload, in  0.845 seconds
Platform modules already initialized, skipping
Refreshing native plugins compatible for Editor in 0.24 ms, found 0 plugins.
Preloading 0 native plugins for Editor in 0.00 ms.
Unloading 1408 Unused Serialized files (Serialized files now loaded: 0)
System memory in use before: 67.8 MB.
System memory in use after: 67.8 MB.

Unloading 5 unused Assets to reduce memory usage. Loaded Objects now: 1904.
Total: 2.814700 ms (FindLiveObjects: 0.814300 ms CreateObjectMapping: 0.105700 ms MarkObjects: 1.807400 ms  DeleteObjects: 0.083400 ms)

